<?xml version="1.0" encoding="UTF-8"?>
<!-- Generated by org.testng.reporters.JUnitXMLReporter -->
<testsuite hostname="Jayashree" ignored="0" name="Test" tests="7" failures="1" timestamp="2022-11-22T06:40:30 IST" time="3.127" errors="0">
  <testcase name="company" time="0.011" classname="com.testng_Test.Test_ng_Iretry"/>
  <testcase name="dob" time="0.002" classname="com.testng_Test.Test_ng_Iretry"/>
  <testcase name="emp" time="0.002" classname="com.testng_Test.Test_ng_Iretry"/>
  <testcase name="id" time="0.001" classname="com.testng_Test.Test_ng_Iretry"/>
  <testcase name="salary" time="1.014" classname="com.testng_Test.Test_ng_Iretry">
    <skipped/>
  </testcase> <!-- salary -->
  <testcase name="salary" time="1.017" classname="com.testng_Test.Test_ng_Iretry">
    <skipped/>
  </testcase> <!-- salary -->
  <testcase name="salary" time="1.016" classname="com.testng_Test.Test_ng_Iretry">
    <failure type="org.testng.internal.thread.ThreadTimeoutException" message="Method com.testng_Test.Test_ng_Iretry.salary() didn&amp;apos;t finish within the time-out 1000">
      <![CDATA[org.testng.internal.thread.ThreadTimeoutException: Method com.testng_Test.Test_ng_Iretry.salary() didn't finish within the time-out 1000
at java.util.ArrayList.forEach(Unknown Source)
... Removed 24 stack frames]]>
    </failure>
  </testcase> <!-- salary -->
</testsuite> <!-- Test -->
