<?xml version="1.0" encoding="UTF-8"?>
<testng-results skipped="0" failed="0" ignored="0" total="1" passed="1">
  <reporter-output>
  </reporter-output>
  <suite name="Default suite" duration-ms="2667" started-at="2022-11-26T08:18:59 IST" finished-at="2022-11-26T08:19:02 IST">
    <groups>
    </groups>
    <test name="Default test" duration-ms="2667" started-at="2022-11-26T08:18:59 IST" finished-at="2022-11-26T08:19:02 IST">
      <class name="com.API.Rest_Ass">
        <test-method status="PASS" signature="rest_api()[pri:0, instance:com.API.Rest_Ass@6043cd28]" name="rest_api" duration-ms="2622" started-at="2022-11-26T08:18:59 IST" finished-at="2022-11-26T08:19:02 IST">
          <reporter-output>
          </reporter-output>
        </test-method> <!-- rest_api -->
      </class> <!-- com.API.Rest_Ass -->
    </test> <!-- Default test -->
  </suite> <!-- Default suite -->
</testng-results>
